<?xml version="1.0" encoding="UTF-8"?>
<testsuite xmlns:xsi="http://www.w3.org/2001/XMLSchema-instance" xsi:noNamespaceSchemaLocation="https://maven.apache.org/surefire/maven-surefire-plugin/xsd/surefire-test-report.xsd" name="TestSuite" time="53.49" tests="6" errors="0" skipped="0" failures="0">
  <properties>
[...]
</properties>
  <testcase name="openchrome" classname="com.xero.automation.xero.AddAccount_Test" time="15.864"/>
  <testcase name="getLoginPage" classname="com.xero.automation.xero.AddAccount_Test" time="4.883"/>
  <testcase name="LogInto" classname="com.xero.automation.xero.AddAccount_Test" time="11.283"/>
  <testcase name="AddAcc" classname="com.xero.automation.xero.AddAccount_Test" time="7.933"/>
  <testcase name="AccDetails" classname="com.xero.automation.xero.AddAccount_Test" time="5.52"/>
  <testcase name="Logout" classname="com.xero.automation.xero.AddAccount_Test" time="5.695"/>
</testsuite>