<?xml version="1.0" encoding="UTF-8"?>
<!-- Generated by org.testng.reporters.JUnitXMLReporter -->
<testsuite hostname="VDX4035" ignored="0" name="AddAccount" tests="6" failures="0" timestamp="30 May 2018 23:52:34 GMT" time="51.275" errors="0">
  <testcase name="openchrome" time="15.857" classname="com.xero.automation.xero.AddAccount_Test"/>
  <testcase name="getLoginPage" time="4.876" classname="com.xero.automation.xero.AddAccount_Test"/>
  <testcase name="LogInto" time="11.274" classname="com.xero.automation.xero.AddAccount_Test"/>
  <testcase name="AddAcc" time="7.946" classname="com.xero.automation.xero.AddAccount_Test"/>
  <testcase name="AccDetails" time="5.505" classname="com.xero.automation.xero.AddAccount_Test"/>
  <testcase name="Logout" time="5.712" classname="com.xero.automation.xero.AddAccount_Test"/>
</testsuite> <!-- AddAccount -->
