<?xml version="1.0" encoding="UTF-8"?>
<!-- Generated by org.testng.reporters.JUnitXMLReporter -->
<testsuite hostname="VDX4035" ignored="0" name="AddAccount" tests="6" failures="0" timestamp="30 May 2018 22:00:34 GMT" time="46.333" errors="0">
  <testcase name="openchrome" time="13.162" classname="com.xero.automation.xero.AddAccount_Test"/>
  <testcase name="getLoginPage" time="3.907" classname="com.xero.automation.xero.AddAccount_Test"/>
  <testcase name="LogInto" time="9.124" classname="com.xero.automation.xero.AddAccount_Test"/>
  <testcase name="AddAcc" time="10.496" classname="com.xero.automation.xero.AddAccount_Test"/>
  <testcase name="AccDetails" time="5.411" classname="com.xero.automation.xero.AddAccount_Test"/>
  <testcase name="Logout" time="4.028" classname="com.xero.automation.xero.AddAccount_Test"/>
</testsuite> <!-- AddAccount -->
